<?xml version="1.0" encoding="UTF-8"?>
<testng-results skipped="0" failed="1" ignored="0" total="3" passed="2">
  <reporter-output>
  </reporter-output>
  <suite name="Default suite" duration-ms="14611" started-at="2019-03-20T06:55:59Z" finished-at="2019-03-20T06:56:13Z">
    <groups>
    </groups>
    <test name="Default test" duration-ms="14611" started-at="2019-03-20T06:55:59Z" finished-at="2019-03-20T06:56:13Z">
      <class name="com.crm.qa.testcaases.HomePageTest">
        <test-method status="PASS" signature="setup()[pri:0, instance:com.crm.qa.testcaases.HomePageTest@39c0f4a]" name="setup" is-config="true" duration-ms="4706" started-at="2019-03-20T06:55:59Z" finished-at="2019-03-20T06:56:03Z">
          <reporter-output>
          </reporter-output>
        </test-method> <!-- setup -->
        <test-method status="PASS" signature="verifyHomePageLogin()[pri:1, instance:com.crm.qa.testcaases.HomePageTest@39c0f4a]" name="verifyHomePageLogin" duration-ms="1376" started-at="2019-03-20T06:56:03Z" finished-at="2019-03-20T06:56:05Z">
          <reporter-output>
          </reporter-output>
        </test-method> <!-- verifyHomePageLogin -->
        <test-method status="PASS" signature="tearDown()[pri:0, instance:com.crm.qa.testcaases.HomePageTest@39c0f4a]" name="tearDown" is-config="true" duration-ms="127" started-at="2019-03-20T06:56:05Z" finished-at="2019-03-20T06:56:05Z">
          <reporter-output>
          </reporter-output>
        </test-method> <!-- tearDown -->
        <test-method status="PASS" signature="setup()[pri:0, instance:com.crm.qa.testcaases.HomePageTest@39c0f4a]" name="setup" is-config="true" duration-ms="3491" started-at="2019-03-20T06:56:05Z" finished-at="2019-03-20T06:56:08Z">
          <reporter-output>
          </reporter-output>
        </test-method> <!-- setup -->
        <test-method status="PASS" signature="verifyHomePageLogo()[pri:2, instance:com.crm.qa.testcaases.HomePageTest@39c0f4a]" name="verifyHomePageLogo" duration-ms="1222" started-at="2019-03-20T06:56:08Z" finished-at="2019-03-20T06:56:10Z">
          <reporter-output>
          </reporter-output>
        </test-method> <!-- verifyHomePageLogo -->
        <test-method status="PASS" signature="tearDown()[pri:0, instance:com.crm.qa.testcaases.HomePageTest@39c0f4a]" name="tearDown" is-config="true" duration-ms="118" started-at="2019-03-20T06:56:10Z" finished-at="2019-03-20T06:56:10Z">
          <reporter-output>
          </reporter-output>
        </test-method> <!-- tearDown -->
        <test-method status="PASS" signature="setup()[pri:0, instance:com.crm.qa.testcaases.HomePageTest@39c0f4a]" name="setup" is-config="true" duration-ms="3414" started-at="2019-03-20T06:56:10Z" finished-at="2019-03-20T06:56:13Z">
          <reporter-output>
          </reporter-output>
        </test-method> <!-- setup -->
        <test-method status="FAIL" signature="verifyHomePageTitleTest()[pri:3, instance:com.crm.qa.testcaases.HomePageTest@39c0f4a]" name="verifyHomePageTitleTest" duration-ms="7" started-at="2019-03-20T06:56:13Z" finished-at="2019-03-20T06:56:13Z">
          <exception class="java.lang.AssertionError">
            <message>
              <![CDATA[expected [全部课程_IT培训精品课程-慕课网] but found [慕课网-登录]]]>
            </message>
            <full-stacktrace>
              <![CDATA[java.lang.AssertionError: expected [全部课程_IT培训精品课程-慕课网] but found [慕课网-登录]
at org.testng.Assert.fail(Assert.java:96)
at org.testng.Assert.failNotEquals(Assert.java:776)
at org.testng.Assert.assertEqualsImpl(Assert.java:137)
at org.testng.Assert.assertEquals(Assert.java:118)
at org.testng.Assert.assertEquals(Assert.java:453)
at org.testng.Assert.assertEquals(Assert.java:463)
at com.crm.qa.testcaases.HomePageTest.verifyHomePageTitleTest(HomePageTest.java:32)
at sun.reflect.NativeMethodAccessorImpl.invoke0(Native Method)
at sun.reflect.NativeMethodAccessorImpl.invoke(NativeMethodAccessorImpl.java:62)
at sun.reflect.DelegatingMethodAccessorImpl.invoke(DelegatingMethodAccessorImpl.java:43)
at java.lang.reflect.Method.invoke(Method.java:498)
at org.testng.internal.MethodInvocationHelper.invokeMethod(MethodInvocationHelper.java:124)
at org.testng.internal.Invoker.invokeMethod(Invoker.java:583)
at org.testng.internal.Invoker.invokeTestMethod(Invoker.java:719)
at org.testng.internal.Invoker.invokeTestMethods(Invoker.java:989)
at org.testng.internal.TestMethodWorker.invokeTestMethods(TestMethodWorker.java:125)
at org.testng.internal.TestMethodWorker.run(TestMethodWorker.java:109)
at org.testng.TestRunner.privateRun(TestRunner.java:648)
at org.testng.TestRunner.run(TestRunner.java:505)
at org.testng.SuiteRunner.runTest(SuiteRunner.java:455)
at org.testng.SuiteRunner.runSequentially(SuiteRunner.java:450)
at org.testng.SuiteRunner.privateRun(SuiteRunner.java:415)
at org.testng.SuiteRunner.run(SuiteRunner.java:364)
at org.testng.SuiteRunnerWorker.runSuite(SuiteRunnerWorker.java:52)
at org.testng.SuiteRunnerWorker.run(SuiteRunnerWorker.java:84)
at org.testng.TestNG.runSuitesSequentially(TestNG.java:1208)
at org.testng.TestNG.runSuitesLocally(TestNG.java:1137)
at org.testng.TestNG.runSuites(TestNG.java:1049)
at org.testng.TestNG.run(TestNG.java:1017)
at org.testng.remote.AbstractRemoteTestNG.run(AbstractRemoteTestNG.java:114)
at org.testng.remote.RemoteTestNG.initAndRun(RemoteTestNG.java:251)
at org.testng.remote.RemoteTestNG.main(RemoteTestNG.java:77)
]]>
            </full-stacktrace>
          </exception> <!-- java.lang.AssertionError -->
          <reporter-output>
          </reporter-output>
        </test-method> <!-- verifyHomePageTitleTest -->
        <test-method status="PASS" signature="tearDown()[pri:0, instance:com.crm.qa.testcaases.HomePageTest@39c0f4a]" name="tearDown" is-config="true" duration-ms="107" started-at="2019-03-20T06:56:13Z" finished-at="2019-03-20T06:56:13Z">
          <reporter-output>
          </reporter-output>
        </test-method> <!-- tearDown -->
      </class> <!-- com.crm.qa.testcaases.HomePageTest -->
    </test> <!-- Default test -->
  </suite> <!-- Default suite -->
</testng-results>
